<?xml version="1.0" encoding="UTF-8"?>
<testng-results skipped="0" failed="0" ignored="0" total="2" passed="2">
  <reporter-output>
  </reporter-output>
  <suite name="Suite" duration-ms="42811" started-at="2021-10-06T13:49:57 IST" finished-at="2021-10-06T13:50:40 IST">
    <groups>
    </groups>
    <test name="Test" duration-ms="42811" started-at="2021-10-06T13:49:57 IST" finished-at="2021-10-06T13:50:40 IST">
      <class name="PackOne.ClassOne">
        <test-method status="PASS" signature="methodOneA()[pri:0, instance:PackOne.ClassOne@100fc185]" name="methodOneA" duration-ms="27462" started-at="2021-10-06T13:49:57 IST" finished-at="2021-10-06T13:50:24 IST">
          <reporter-output>
          </reporter-output>
        </test-method> <!-- methodOneA -->
      </class> <!-- PackOne.ClassOne -->
      <class name="PackOne.ClassTwo">
        <test-method status="PASS" signature="methodTwoB()[pri:0, instance:PackOne.ClassTwo@4520ebad]" name="methodTwoB" duration-ms="15183" started-at="2021-10-06T13:50:25 IST" finished-at="2021-10-06T13:50:40 IST">
          <reporter-output>
          </reporter-output>
        </test-method> <!-- methodTwoB -->
      </class> <!-- PackOne.ClassTwo -->
    </test> <!-- Test -->
  </suite> <!-- Suite -->
</testng-results>
